#
# A fatal error has been detected by the Java Runtime Environment:
#
#  Internal Error (javaClasses.cpp:127), pid=9504, tid=3152
#  fatal error: Invalid layout of preloaded class
#
# JRE version:  (8.0_45-b15) (build )
# Java VM: Java HotSpot(TM) 64-Bit Server VM (25.45-b02 mixed mode windows-amd64 compressed oops)
# Failed to write core dump. Minidumps are not enabled by default on client versions of Windows
#
# If you would like to submit a bug report, please visit:
#   http://bugreport.java.com/bugreport/crash.jsp
#

---------------  T H R E A D  ---------------

Current thread (0x00000000022e8000):  JavaThread "Unknown thread" [_thread_in_vm, id=3152, stack(0x0000000002730000,0x0000000002830000)]

Stack: [0x0000000002730000,0x0000000002830000]
Native frames: (J=compiled Java code, j=interpreted, Vv=VM code, C=native code)
V  [jvm.dll+0x32b57a]
V  [jvm.dll+0x279873]
V  [jvm.dll+0x27a509]
V  [jvm.dll+0x2717a6]
V  [jvm.dll+0x68183]
V  [jvm.dll+0x68273]
V  [jvm.dll+0x7d74a]
V  [jvm.dll+0x7dab6]
V  [jvm.dll+0xf2157]
V  [jvm.dll+0xf24e6]
V  [jvm.dll+0x20f097]
V  [jvm.dll+0x240e0a]
V  [jvm.dll+0x15ba41]
C  [javaw.exe+0x217e]
C  [javaw.exe+0xcd17]
C  [javaw.exe+0xcdab]
C  [kernel32.dll+0x159ed]
C  [ntdll.dll+0x2b371]


---------------  P R O C E S S  ---------------

Java Threads: ( => current thread )

Other Threads:

=>0x00000000022e8000 (exited) JavaThread "Unknown thread" [_thread_in_vm, id=3152, stack(0x0000000002730000,0x0000000002830000)]

VM state:not at safepoint (not fully initialized)

VM Mutex/Monitor currently owned by a thread: None

GC Heap History (0 events):
No events

Deoptimization events (0 events):
No events

Internal exceptions (0 events):
No events

Events (10 events):
Event: 0.076 loading class java/lang/CharSequence done
Event: 0.076 loading class java/lang/String done
Event: 0.076 loading class java/lang/Class
Event: 0.076 loading class java/lang/reflect/AnnotatedElement
Event: 0.076 loading class java/lang/reflect/AnnotatedElement done
Event: 0.076 loading class java/lang/reflect/GenericDeclaration
Event: 0.076 loading class java/lang/reflect/GenericDeclaration done
Event: 0.076 loading class java/lang/reflect/Type
Event: 0.076 loading class java/lang/reflect/Type done
Event: 0.076 loading class java/lang/Class done


Dynamic libraries:
0x000000013f1e0000 - 0x000000013f217000 	D:\Java\jdk1.8.0_45\bin\javaw.exe
0x0000000077670000 - 0x000000007781a000 	C:\Windows\SYSTEM32\ntdll.dll
0x0000000077450000 - 0x000000007756f000 	C:\Windows\system32\kernel32.dll
0x000007fefd410000 - 0x000007fefd47b000 	C:\Windows\system32\KERNELBASE.dll
0x000007feff200000 - 0x000007feff2db000 	C:\Windows\system32\ADVAPI32.dll
0x000007fefd7b0000 - 0x000007fefd84f000 	C:\Windows\system32\msvcrt.dll
0x000007fefdcc0000 - 0x000007fefdcdf000 	C:\Windows\SYSTEM32\sechost.dll
0x000007feff7d0000 - 0x000007feff8fd000 	C:\Windows\system32\RPCRT4.dll
0x0000000077570000 - 0x000000007766a000 	C:\Windows\system32\USER32.dll
0x000007fefe400000 - 0x000007fefe467000 	C:\Windows\system32\GDI32.dll
0x000007fefd9b0000 - 0x000007fefd9be000 	C:\Windows\system32\LPK.dll
0x000007fefe330000 - 0x000007fefe3fa000 	C:\Windows\system32\USP10.dll
0x000007fefad40000 - 0x000007fefaf34000 	C:\Windows\WinSxS\amd64_microsoft.windows.common-controls_6595b64144ccf1df_6.0.7601.18837_none_fa3b1e3d17594757\COMCTL32.dll
0x000007feff900000 - 0x000007feff971000 	C:\Windows\system32\SHLWAPI.dll
0x000007fefdf10000 - 0x000007fefdf3e000 	C:\Windows\system32\IMM32.DLL
0x000007fefd8a0000 - 0x000007fefd9a9000 	C:\Windows\system32\MSCTF.dll
0x000007fefd320000 - 0x000007fefd354000 	C:\Windows\system32\nvinitx.dll
0x000000000f000000 - 0x000000000f006000 	C:\Program Files\NVIDIA Corporation\CoProcManager\detoured.dll
0x000007fef9b70000 - 0x000007fef9b9d000 	C:\Program Files\NVIDIA Corporation\CoProcManager\nvd3d9wrapx.dll
0x000007feff5f0000 - 0x000007feff7c7000 	C:\Windows\system32\SETUPAPI.dll
0x000007fefd4b0000 - 0x000007fefd4e6000 	C:\Windows\system32\CFGMGR32.dll
0x000007fefe250000 - 0x000007fefe328000 	C:\Windows\system32\OLEAUT32.dll
0x000007fefdf40000 - 0x000007fefe143000 	C:\Windows\system32\ole32.dll
0x000007fefd780000 - 0x000007fefd79a000 	C:\Windows\system32\DEVOBJ.dll
0x000007fef9b40000 - 0x000007fef9b62000 	C:\Program Files\NVIDIA Corporation\CoProcManager\nvdxgiwrapx.dll
0x0000000063430000 - 0x0000000063502000 	D:\Java\jdk1.8.0_45\jre\bin\msvcr100.dll
0x00000000692e0000 - 0x0000000069b63000 	D:\Java\jdk1.8.0_45\jre\bin\server\jvm.dll
0x000007fef5000000 - 0x000007fef5009000 	C:\Windows\system32\WSOCK32.dll
0x000007fefd850000 - 0x000007fefd89d000 	C:\Windows\system32\WS2_32.dll
0x000007fefdc90000 - 0x000007fefdc98000 	C:\Windows\system32\NSI.dll
0x000007fefa8e0000 - 0x000007fefa91b000 	C:\Windows\system32\WINMM.dll
0x000007fefc430000 - 0x000007fefc43c000 	C:\Windows\system32\VERSION.dll
0x0000000077830000 - 0x0000000077837000 	C:\Windows\system32\PSAPI.DLL
0x0000000073730000 - 0x000000007373f000 	D:\Java\jdk1.8.0_45\jre\bin\verify.dll
0x0000000073140000 - 0x0000000073169000 	D:\Java\jdk1.8.0_45\jre\bin\java.dll
0x00000000734d0000 - 0x00000000734e6000 	D:\Java\jdk1.8.0_45\jre\bin\zip.dll
0x000007fef8200000 - 0x000007fef8325000 	C:\Windows\system32\dbghelp.dll

VM Arguments:
jvm_args: -Dfile.encoding=GBK -Xbootclasspath:D:\android\android-sdk-windows\platforms\android-19\android.jar 
java_command: org.eclipse.jdt.internal.junit.runner.RemoteTestRunner -version 3 -port 45110 -testLoaderClass org.eclipse.jdt.internal.junit4.runner.JUnit4TestLoader -loaderpluginname org.eclipse.jdt.junit4.runtime -test com.neo.test.BBSTest:timeTest
java_class_path (initial): E:\android\Project\androidProject\DoorClient\libs\ShareSDK-QQ-2.7.2.jar;E:\android\Project\androidProject\DoorClient\libs\ShareSDK-Email-2.7.2.jar;E:\android\Project\androidProject\SMSSDK\libs\SMSSDK-2.0.2.jar;E:\android\Project\androidProject\DoorClient\libs\ShareSDK-Facebook-2.7.2.jar;E:\android\Project\androidProject\DoorClient\libs\ShareSDK-Wechat-Core-2.7.2.jar;E:\android\Project\androidProject\slidingmenu_library\libs\android-support-v4.jar;E:\android\Project\androidProject\DoorClient\libs\ShareSDK-Twitter-2.7.2.jar;E:\android\Project\androidProject\DoorClient\libs\ShareSDK-Wechat-Moments-2.7.2.jar;E:\android\Project\androidProject\DoorClient\libs\BaiduLBS_Android.jar;E:\android\Project\androidProject\SMSSDK\libs\MobCommons-2016.0426.1819.jar;E:\android\Project\androidProject\DoorClient\libs\ShareSDK-Core-2.7.2.jar;E:\android\Project\androidProject\DoorClient\libs\ShareSDK-SinaWeibo-2.7.2.jar;E:\android\Project\androidProject\DoorClient\libs\gson-2.2.4.jar;E:\android\Project\androidProject\DoorClient\libs\ShareSDK-TencentWeibo-2.7.2.jar;E:\android\Project\androidProject\DoorClient\libs\nineoldandroids.jar;E:\android\Project\androidProject\SMSSDK\libs\MobTools-2016.0426.1819.jar;E:\android\Project\androidProject\DoorClient\libs\ShareSDK-QZone-2.7.2.jar;E:\android\Project\androidProject\DoorClient\libs\ShareSDK-ShortMessage-2.7.2.jar;E:\android\Project\androidProject\DoorClient\libs\ShareSDK-Wechat-2.7.2.jar;E:\android\Project\androidProject\DoorClient\libs\universal-image-loader-1.8.6-with-sources.jar;E:\android\Project\androidProject\DoorClient\libs\ShareSDK-Wechat-Favorite-2.7.2.jar;E:\android\Project\androidProject\ShortMessageSDKGUI\bin\shortmessagesdkgui.jar;E:\android\Project\androidProject\SMSSDK\bin\smssdk.jar;E:\android\Project\androidProject\slidingmenu_library\bin\slidingmenu_library.jar;E:\android\Project\androidProject\library\bin\library.jar;D:\eclipse\plugins\org.junit_4.12.0.v201504281640\junit.jar;D:\eclipse\plugins
Launcher Type: SUN_STANDARD

Environment Variables:
JAVA_HOME=D:\Java\jdk1.8.0_45
CLASSPATH=.;.;d:\JMF21~1.1E\lib\sound.jar;d:\JMF21~1.1E\lib\jmf.jar;d:\JMF21~1.1E\lib;C:\Windows\java\classes;D:\JMF2.1.1e\lib\jmf.jar;D:\JMF2.1.1e\lib\sound.jar;E:\JAVA\Library\JMusic\jMusic1.6.4.jar;E:\JAVA\Library\JMusic\jMusic_1.6_inst\inst;
PATH=D:/Java/jdk1.8.0_45/bin/../jre/bin/server;D:/Java/jdk1.8.0_45/bin/../jre/bin;D:/Java/jdk1.8.0_45/bin/../jre/lib/amd64;E:\Mysql\mysql_5.6.24_winx64\bin;C:\Program Files\Common Files\Microsoft Shared\Windows Live;C:\Program Files (x86)\Common Files\Microsoft Shared\Windows Live;D:\Java\jdk1.8.0_45\bin;C:\ProgramData\Oracle\Java\javapath;C:\Windows\system32;C:\Windows;C:\Windows\System32\Wbem;C:\Windows\System32\WindowsPowerShell\v1.0\;C:\Program Files (x86)\Windows Kits\8.1\Windows Performance Toolkit\;C:\Program Files\Microsoft SQL Server\110\Tools\Binn\;C:\Program Files (x86)\Microsoft SQL Server\90\Tools\binn\;D:\android\android-sdk-windows\platform-tools;D:\android\android-sdk-windows\tools;C:\Program Files (x86)\Windows Live\Shared;D:\MATLAB7\bin\win32;D:\JMF2.1.1e\bin;D:\Tomcat 6.0\lib;D:\Tomcat 6.0\bin;%QUARTUS_ROOTDIR%\bin;E:\Mysql\mysql_5.6.24_winx64\bin;;D:\eclipse;
USERNAME=Administrator
OS=Windows_NT
PROCESSOR_IDENTIFIER=Intel64 Family 6 Model 58 Stepping 9, GenuineIntel



---------------  S Y S T E M  ---------------

OS: Windows 7 , 64 bit Build 7601 (6.1.7601.19135)

CPU:total 4 (2 cores per cpu, 2 threads per core) family 6 model 58 stepping 9, cmov, cx8, fxsr, mmx, sse, sse2, sse3, ssse3, sse4.1, sse4.2, popcnt, avx, aes, clmul, erms, ht, tsc, tscinvbit, tscinv

Memory: 4k page, physical 8271652k(2957204k free), swap 16541468k(8996512k free)

vm_info: Java HotSpot(TM) 64-Bit Server VM (25.45-b02) for windows-amd64 JRE (1.8.0_45-b15), built on Apr 30 2015 12:40:44 by "java_re" with MS VC++ 10.0 (VS2010)

time: Sun Oct 09 22:12:22 2016
elapsed time: 0 seconds (0d 0h 0m 0s)

